<?xml version="1.0" encoding="UTF-8"?>
<!-- Generated by org.testng.reporters.JUnitReportReporter -->
<testsuite hostname="Yashs-MacBook.local" failures="0" tests="1" name="TestRunner.TestRunner" time="21.460" errors="0" timestamp="2020-05-07T14:16:01 IST" skipped="0">
  <testcase classname="TestRunner.TestRunner" name="feature" time="21.460"/>
</testsuite> <!-- TestRunner.TestRunner -->
