<?xml version="1.0" encoding="UTF-8"?>
<!-- Generated by org.testng.reporters.JUnitReportReporter -->
<testsuite hostname="Yashs-MacBook.local" failures="0" tests="1" name="Academy.validateNavigation" time="0.422" errors="0" timestamp="2020-05-03T14:39:08 IST" skipped="0">
  <testcase classname="Academy.validateNavigation" name="basePageNavigation" time="0.422"/>
</testsuite> <!-- Academy.validateNavigation -->
