<?xml version="1.0" encoding="UTF-8"?>
<!-- Generated by org.testng.reporters.JUnitReportReporter -->
<testsuite hostname="Yashs-MacBook.local" failures="0"
	tests="1" name="Academy.HomePage" time="6.948" errors="0"
	timestamp="2020-05-03T14:09:19 IST" skipped="0">
	<testcase classname="Academy.HomePage"
		name="basePageNavigation" time="6.948" />
</testsuite> <!-- Academy.HomePage -->
